<?xml version="1.0" encoding="UTF-8"?>
<testng-results skipped="0" failed="0" ignored="0" total="1" passed="1">
  <reporter-output>
  </reporter-output>
  <suite name="Default suite" duration-ms="13324" started-at="2018-10-27T11:06:05Z" finished-at="2018-10-27T11:06:19Z">
    <groups>
    </groups>
    <test name="Default test" duration-ms="13324" started-at="2018-10-27T11:06:05Z" finished-at="2018-10-27T11:06:19Z">
      <class name="sample.SampleTest">
        <test-method status="PASS" signature="urlTest()[pri:0, instance:sample.SampleTest@7080dc]" name="urlTest" duration-ms="13289" started-at="2018-10-27T11:06:05Z" finished-at="2018-10-27T11:06:19Z">
          <reporter-output>
          </reporter-output>
        </test-method> <!-- urlTest -->
      </class> <!-- sample.SampleTest -->
    </test> <!-- Default test -->
  </suite> <!-- Default suite -->
</testng-results>
